Íïå 16, 2016 7:46:07 ÌÌ com.jpmorgan.simplestockmarket.StockMarket autogenerateTradeQueue
INFO: Logging of trade -- trade time: 2016-11-16 19:28:51, stock: TEA, type: SELL, quantity of shares:     508, price:    73,23
Íïå 16, 2016 7:46:07 ÌÌ com.jpmorgan.simplestockmarket.StockMarket autogenerateTradeQueue
INFO: Logging of trade -- trade time: 2016-11-16 19:43:41, stock: POP, type: SELL, quantity of shares:     401, price:   455,82
Íïå 16, 2016 7:46:07 ÌÌ com.jpmorgan.simplestockmarket.StockMarket autogenerateTradeQueue
INFO: Logging of trade -- trade time: 2016-11-16 19:16:43, stock: JOE, type: SELL, quantity of shares:     200, price:   448,46
Íïå 16, 2016 7:46:07 ÌÌ com.jpmorgan.simplestockmarket.StockMarket autogenerateTradeQueue
INFO: Logging of trade -- trade time: 2016-11-16 19:43:55, stock: POP, type: BUY, quantity of shares:     858, price:   492,24
Íïå 16, 2016 7:46:07 ÌÌ com.jpmorgan.simplestockmarket.StockMarket autogenerateTradeQueue
INFO: Logging of trade -- trade time: 2016-11-16 19:32:41, stock: ALE, type: BUY, quantity of shares:     549, price:   656,96
Íïå 16, 2016 7:46:07 ÌÌ com.jpmorgan.simplestockmarket.StockMarket autogenerateTradeQueue
INFO: Logging of trade -- trade time: 2016-11-16 19:37:27, stock: JOE, type: BUY, quantity of shares:     906, price:   908,43
Íïå 16, 2016 7:46:07 ÌÌ com.jpmorgan.simplestockmarket.StockMarket autogenerateTradeQueue
INFO: Logging of trade -- trade time: 2016-11-16 19:17:34, stock: POP, type: SELL, quantity of shares:     867, price:   583,27
Íïå 16, 2016 7:46:07 ÌÌ com.jpmorgan.simplestockmarket.StockMarket autogenerateTradeQueue
INFO: Logging of trade -- trade time: 2016-11-16 19:38:19, stock: TEA, type: BUY, quantity of shares:     722, price:   909,12
Íïå 16, 2016 7:46:07 ÌÌ com.jpmorgan.simplestockmarket.StockMarket autogenerateTradeQueue
INFO: Logging of trade -- trade time: 2016-11-16 19:35:03, stock: ALE, type: BUY, quantity of shares:     583, price:   863,87
Íïå 16, 2016 7:46:07 ÌÌ com.jpmorgan.simplestockmarket.StockMarket autogenerateTradeQueue
INFO: Logging of trade -- trade time: 2016-11-16 19:38:20, stock: ALE, type: BUY, quantity of shares:     860, price:   535,57
Íïå 16, 2016 7:46:07 ÌÌ com.jpmorgan.simplestockmarket.StockMarket autogenerateTradeQueue
INFO: Logging of trade -- trade time: 2016-11-16 19:44:18, stock: GIN, type: SELL, quantity of shares:     274, price:   696,96
Íïå 16, 2016 7:46:07 ÌÌ com.jpmorgan.simplestockmarket.StockMarket autogenerateTradeQueue
INFO: Logging of trade -- trade time: 2016-11-16 19:38:29, stock: GIN, type: SELL, quantity of shares:     431, price:   908,47
Íïå 16, 2016 7:46:07 ÌÌ com.jpmorgan.simplestockmarket.StockMarket autogenerateTradeQueue
INFO: Logging of trade -- trade time: 2016-11-16 19:20:59, stock: GIN, type: SELL, quantity of shares:     836, price:   359,49
Íïå 16, 2016 7:46:07 ÌÌ com.jpmorgan.simplestockmarket.StockMarket autogenerateTradeQueue
INFO: Logging of trade -- trade time: 2016-11-16 19:22:24, stock: GIN, type: SELL, quantity of shares:     744, price:    91,29
Íïå 16, 2016 7:46:07 ÌÌ com.jpmorgan.simplestockmarket.StockMarket autogenerateTradeQueue
INFO: Logging of trade -- trade time: 2016-11-16 19:37:27, stock: TEA, type: SELL, quantity of shares:     470, price:   133,13
Íïå 16, 2016 7:46:07 ÌÌ com.jpmorgan.simplestockmarket.StockMarket autogenerateTradeQueue
INFO: Logging of trade -- trade time: 2016-11-16 19:38:53, stock: TEA, type: SELL, quantity of shares:     999, price:   205,81
Íïå 16, 2016 7:46:07 ÌÌ com.jpmorgan.simplestockmarket.StockMarket autogenerateTradeQueue
INFO: Logging of trade -- trade time: 2016-11-16 19:20:32, stock: TEA, type: BUY, quantity of shares:     494, price:   138,46
Íïå 16, 2016 7:46:07 ÌÌ com.jpmorgan.simplestockmarket.StockMarket autogenerateTradeQueue
INFO: Logging of trade -- trade time: 2016-11-16 19:24:55, stock: JOE, type: SELL, quantity of shares:     147, price:   526,70
Íïå 16, 2016 7:46:07 ÌÌ com.jpmorgan.simplestockmarket.StockMarket autogenerateTradeQueue
INFO: Logging of trade -- trade time: 2016-11-16 19:30:49, stock: POP, type: SELL, quantity of shares:     608, price:    11,41
Íïå 16, 2016 7:46:07 ÌÌ com.jpmorgan.simplestockmarket.StockMarket autogenerateTradeQueue
INFO: Logging of trade -- trade time: 2016-11-16 19:35:32, stock: POP, type: SELL, quantity of shares:     630, price:   127,79
Íïå 16, 2016 7:46:07 ÌÌ com.jpmorgan.simplestockmarket.StockMarket autogenerateTradeQueue
INFO: Logging of trade -- trade time: 2016-11-16 19:25:01, stock: JOE, type: SELL, quantity of shares:     835, price:   123,31
Íïå 16, 2016 7:46:07 ÌÌ com.jpmorgan.simplestockmarket.StockMarket autogenerateTradeQueue
INFO: Logging of trade -- trade time: 2016-11-16 19:28:50, stock: TEA, type: SELL, quantity of shares:     738, price:   782,57
Íïå 16, 2016 7:46:07 ÌÌ com.jpmorgan.simplestockmarket.StockMarket autogenerateTradeQueue
INFO: Logging of trade -- trade time: 2016-11-16 19:42:12, stock: ALE, type: BUY, quantity of shares:     523, price:   871,02
Íïå 16, 2016 7:46:07 ÌÌ com.jpmorgan.simplestockmarket.StockMarket autogenerateTradeQueue
INFO: Logging of trade -- trade time: 2016-11-16 19:28:52, stock: JOE, type: BUY, quantity of shares:     181, price:   190,80
Íïå 16, 2016 7:46:07 ÌÌ com.jpmorgan.simplestockmarket.StockMarket autogenerateTradeQueue
INFO: Logging of trade -- trade time: 2016-11-16 19:33:09, stock: ALE, type: BUY, quantity of shares:     676, price:   234,11
Íïå 16, 2016 7:46:07 ÌÌ com.jpmorgan.simplestockmarket.StockMarket autogenerateTradeQueue
INFO: Logging of trade -- trade time: 2016-11-16 19:41:41, stock: TEA, type: SELL, quantity of shares:     247, price:   774,65
Íïå 16, 2016 7:46:07 ÌÌ com.jpmorgan.simplestockmarket.StockMarket autogenerateTradeQueue
INFO: Logging of trade -- trade time: 2016-11-16 19:37:56, stock: TEA, type: BUY, quantity of shares:     132, price:     8,64
Íïå 16, 2016 7:46:07 ÌÌ com.jpmorgan.simplestockmarket.StockMarket autogenerateTradeQueue
INFO: Logging of trade -- trade time: 2016-11-16 19:27:57, stock: POP, type: BUY, quantity of shares:     508, price:   237,36
Íïå 16, 2016 7:46:07 ÌÌ com.jpmorgan.simplestockmarket.StockMarket autogenerateTradeQueue
INFO: Logging of trade -- trade time: 2016-11-16 19:40:07, stock: JOE, type: BUY, quantity of shares:     967, price:   580,21
Íïå 16, 2016 7:46:07 ÌÌ com.jpmorgan.simplestockmarket.StockMarket autogenerateTradeQueue
INFO: Logging of trade -- trade time: 2016-11-16 19:42:02, stock: TEA, type: SELL, quantity of shares:     949, price:   922,24
Íïå 16, 2016 7:46:07 ÌÌ com.jpmorgan.simplestockmarket.StockMarket autogenerateTradeQueue
INFO: Logging of trade -- trade time: 2016-11-16 19:38:08, stock: POP, type: BUY, quantity of shares:     838, price:   277,15
Íïå 16, 2016 7:46:07 ÌÌ com.jpmorgan.simplestockmarket.StockMarket autogenerateTradeQueue
INFO: Logging of trade -- trade time: 2016-11-16 19:30:57, stock: GIN, type: SELL, quantity of shares:     932, price:   763,94
Íïå 16, 2016 7:46:07 ÌÌ com.jpmorgan.simplestockmarket.StockMarket autogenerateTradeQueue
INFO: Logging of trade -- trade time: 2016-11-16 19:30:28, stock: ALE, type: BUY, quantity of shares:     572, price:   623,06
Íïå 16, 2016 7:46:07 ÌÌ com.jpmorgan.simplestockmarket.StockMarket autogenerateTradeQueue
INFO: Logging of trade -- trade time: 2016-11-16 19:17:06, stock: JOE, type: BUY, quantity of shares:     540, price:   228,25
Íïå 16, 2016 7:46:07 ÌÌ com.jpmorgan.simplestockmarket.StockMarket autogenerateTradeQueue
INFO: Logging of trade -- trade time: 2016-11-16 19:39:46, stock: ALE, type: SELL, quantity of shares:     824, price:     4,70
Íïå 16, 2016 7:46:07 ÌÌ com.jpmorgan.simplestockmarket.StockMarket autogenerateTradeQueue
INFO: Logging of trade -- trade time: 2016-11-16 19:20:50, stock: TEA, type: SELL, quantity of shares:     307, price:   813,10
Íïå 16, 2016 7:46:07 ÌÌ com.jpmorgan.simplestockmarket.StockMarket autogenerateTradeQueue
INFO: Logging of trade -- trade time: 2016-11-16 19:19:41, stock: ALE, type: BUY, quantity of shares:      12, price:   468,21
Íïå 16, 2016 7:46:07 ÌÌ com.jpmorgan.simplestockmarket.StockMarket autogenerateTradeQueue
INFO: Logging of trade -- trade time: 2016-11-16 19:28:10, stock: ALE, type: SELL, quantity of shares:     722, price:   777,70
Íïå 16, 2016 7:46:07 ÌÌ com.jpmorgan.simplestockmarket.StockMarket autogenerateTradeQueue
INFO: Logging of trade -- trade time: 2016-11-16 19:45:35, stock: TEA, type: SELL, quantity of shares:     368, price:   793,65
Íïå 16, 2016 7:46:07 ÌÌ com.jpmorgan.simplestockmarket.StockMarket autogenerateTradeQueue
INFO: Logging of trade -- trade time: 2016-11-16 19:29:26, stock: GIN, type: SELL, quantity of shares:     661, price:   589,21
Íïå 16, 2016 7:46:07 ÌÌ com.jpmorgan.simplestockmarket.StockMarket autogenerateTradeQueue
INFO: Logging of trade -- trade time: 2016-11-16 19:30:10, stock: GIN, type: BUY, quantity of shares:      61, price:    66,27
Íïå 16, 2016 7:46:07 ÌÌ com.jpmorgan.simplestockmarket.StockMarket autogenerateTradeQueue
INFO: Logging of trade -- trade time: 2016-11-16 19:46:02, stock: GIN, type: SELL, quantity of shares:     800, price:   331,27
Íïå 16, 2016 7:46:07 ÌÌ com.jpmorgan.simplestockmarket.StockMarket autogenerateTradeQueue
INFO: Logging of trade -- trade time: 2016-11-16 19:17:18, stock: ALE, type: BUY, quantity of shares:      57, price:   769,47
Íïå 16, 2016 7:46:07 ÌÌ com.jpmorgan.simplestockmarket.StockMarket autogenerateTradeQueue
INFO: Logging of trade -- trade time: 2016-11-16 19:34:15, stock: TEA, type: SELL, quantity of shares:     146, price:    64,45
Íïå 16, 2016 7:46:07 ÌÌ com.jpmorgan.simplestockmarket.StockMarket autogenerateTradeQueue
INFO: Logging of trade -- trade time: 2016-11-16 19:26:31, stock: TEA, type: BUY, quantity of shares:     873, price:   158,55
Íïå 16, 2016 7:46:07 ÌÌ com.jpmorgan.simplestockmarket.StockMarket autogenerateTradeQueue
INFO: Logging of trade -- trade time: 2016-11-16 19:24:38, stock: JOE, type: SELL, quantity of shares:     957, price:   812,65
Íïå 16, 2016 7:46:07 ÌÌ com.jpmorgan.simplestockmarket.StockMarket autogenerateTradeQueue
INFO: Logging of trade -- trade time: 2016-11-16 19:21:22, stock: JOE, type: BUY, quantity of shares:     824, price:   923,36
Íïå 16, 2016 7:46:07 ÌÌ com.jpmorgan.simplestockmarket.StockMarket autogenerateTradeQueue
INFO: Logging of trade -- trade time: 2016-11-16 19:45:03, stock: GIN, type: SELL, quantity of shares:     266, price:   779,16
Íïå 16, 2016 7:46:07 ÌÌ com.jpmorgan.simplestockmarket.StockMarket autogenerateTradeQueue
INFO: Logging of trade -- trade time: 2016-11-16 19:33:50, stock: POP, type: BUY, quantity of shares:     317, price:   586,85
Íïå 16, 2016 7:46:07 ÌÌ com.jpmorgan.simplestockmarket.StockMarket autogenerateTradeQueue
INFO: Logging of trade -- trade time: 2016-11-16 19:36:23, stock: JOE, type: BUY, quantity of shares:     626, price:   142,07
Íïå 16, 2016 7:46:07 ÌÌ com.jpmorgan.simplestockmarket.StockMarket autogenerateTradeQueue
INFO: Logging of trade -- trade time: 2016-11-16 19:28:01, stock: POP, type: BUY, quantity of shares:     141, price:   377,35
Íïå 16, 2016 7:46:07 ÌÌ com.jpmorgan.simplestockmarket.StockMarket autogenerateTradeQueue
INFO: Logging of trade -- trade time: 2016-11-16 19:36:20, stock: TEA, type: SELL, quantity of shares:     570, price:   801,46
Íïå 16, 2016 7:46:07 ÌÌ com.jpmorgan.simplestockmarket.StockMarket autogenerateTradeQueue
INFO: Logging of trade -- trade time: 2016-11-16 19:28:20, stock: TEA, type: SELL, quantity of shares:     638, price:   815,27
Íïå 16, 2016 7:46:07 ÌÌ com.jpmorgan.simplestockmarket.StockMarket autogenerateTradeQueue
INFO: Logging of trade -- trade time: 2016-11-16 19:28:10, stock: ALE, type: SELL, quantity of shares:     121, price:   382,67
Íïå 16, 2016 7:46:07 ÌÌ com.jpmorgan.simplestockmarket.StockMarket autogenerateTradeQueue
INFO: Logging of trade -- trade time: 2016-11-16 19:27:07, stock: GIN, type: SELL, quantity of shares:     628, price:    93,15
Íïå 16, 2016 7:46:07 ÌÌ com.jpmorgan.simplestockmarket.StockMarket autogenerateTradeQueue
INFO: Logging of trade -- trade time: 2016-11-16 19:23:01, stock: POP, type: BUY, quantity of shares:     369, price:   122,12
Íïå 16, 2016 7:46:07 ÌÌ com.jpmorgan.simplestockmarket.StockMarket autogenerateTradeQueue
INFO: Logging of trade -- trade time: 2016-11-16 19:35:29, stock: GIN, type: SELL, quantity of shares:     368, price:   571,57
Íïå 16, 2016 7:46:07 ÌÌ com.jpmorgan.simplestockmarket.StockMarket autogenerateTradeQueue
INFO: Logging of trade -- trade time: 2016-11-16 19:35:42, stock: JOE, type: SELL, quantity of shares:      20, price:   230,16
Íïå 16, 2016 7:46:07 ÌÌ com.jpmorgan.simplestockmarket.StockMarket autogenerateTradeQueue
INFO: Logging of trade -- trade time: 2016-11-16 19:24:55, stock: POP, type: SELL, quantity of shares:     380, price:   937,17
Íïå 16, 2016 7:46:07 ÌÌ com.jpmorgan.simplestockmarket.StockMarket autogenerateTradeQueue
INFO: Logging of trade -- trade time: 2016-11-16 19:21:54, stock: TEA, type: SELL, quantity of shares:     964, price:   335,06
Íïå 16, 2016 7:46:07 ÌÌ com.jpmorgan.simplestockmarket.StockMarket autogenerateTradeQueue
INFO: Logging of trade -- trade time: 2016-11-16 19:38:27, stock: JOE, type: SELL, quantity of shares:     232, price:   716,61
Íïå 16, 2016 7:46:07 ÌÌ com.jpmorgan.simplestockmarket.StockMarket autogenerateTradeQueue
INFO: Logging of trade -- trade time: 2016-11-16 19:45:49, stock: ALE, type: BUY, quantity of shares:     175, price:   787,04
Íïå 16, 2016 7:46:07 ÌÌ com.jpmorgan.simplestockmarket.StockMarket autogenerateTradeQueue
INFO: Logging of trade -- trade time: 2016-11-16 19:19:20, stock: ALE, type: BUY, quantity of shares:     975, price:   344,53
Íïå 16, 2016 7:46:07 ÌÌ com.jpmorgan.simplestockmarket.StockMarket autogenerateTradeQueue
INFO: Logging of trade -- trade time: 2016-11-16 19:30:23, stock: ALE, type: BUY, quantity of shares:     610, price:   236,49
Íïå 16, 2016 7:46:07 ÌÌ com.jpmorgan.simplestockmarket.StockMarket autogenerateTradeQueue
INFO: Logging of trade -- trade time: 2016-11-16 19:34:36, stock: ALE, type: SELL, quantity of shares:     448, price:   274,48
Íïå 16, 2016 7:46:07 ÌÌ com.jpmorgan.simplestockmarket.StockMarket autogenerateTradeQueue
INFO: Logging of trade -- trade time: 2016-11-16 19:30:20, stock: GIN, type: BUY, quantity of shares:     986, price:   477,45
Íïå 16, 2016 7:46:07 ÌÌ com.jpmorgan.simplestockmarket.StockMarket autogenerateTradeQueue
INFO: Logging of trade -- trade time: 2016-11-16 19:28:51, stock: POP, type: BUY, quantity of shares:     441, price:   630,04
Íïå 16, 2016 7:46:07 ÌÌ com.jpmorgan.simplestockmarket.StockMarket autogenerateTradeQueue
INFO: Logging of trade -- trade time: 2016-11-16 19:23:09, stock: GIN, type: SELL, quantity of shares:     557, price:   398,32
Íïå 16, 2016 7:46:07 ÌÌ com.jpmorgan.simplestockmarket.StockMarket autogenerateTradeQueue
INFO: Logging of trade -- trade time: 2016-11-16 19:37:07, stock: ALE, type: SELL, quantity of shares:     930, price:   905,57
Íïå 16, 2016 7:46:07 ÌÌ com.jpmorgan.simplestockmarket.StockMarket autogenerateTradeQueue
INFO: Logging of trade -- trade time: 2016-11-16 19:30:40, stock: GIN, type: SELL, quantity of shares:     461, price:   145,18
Íïå 16, 2016 7:46:07 ÌÌ com.jpmorgan.simplestockmarket.StockMarket autogenerateTradeQueue
INFO: Logging of trade -- trade time: 2016-11-16 19:16:28, stock: GIN, type: BUY, quantity of shares:     604, price:   356,63
Íïå 16, 2016 7:46:07 ÌÌ com.jpmorgan.simplestockmarket.StockMarket autogenerateTradeQueue
INFO: Logging of trade -- trade time: 2016-11-16 19:30:31, stock: JOE, type: BUY, quantity of shares:     838, price:   998,64
Íïå 16, 2016 7:46:07 ÌÌ com.jpmorgan.simplestockmarket.StockMarket autogenerateTradeQueue
INFO: Logging of trade -- trade time: 2016-11-16 19:18:30, stock: ALE, type: SELL, quantity of shares:     725, price:   556,23
Íïå 16, 2016 7:46:07 ÌÌ com.jpmorgan.simplestockmarket.StockMarket autogenerateTradeQueue
INFO: Logging of trade -- trade time: 2016-11-16 19:41:21, stock: ALE, type: BUY, quantity of shares:     560, price:   460,05
Íïå 16, 2016 7:46:07 ÌÌ com.jpmorgan.simplestockmarket.StockMarket autogenerateTradeQueue
INFO: Logging of trade -- trade time: 2016-11-16 19:28:19, stock: JOE, type: BUY, quantity of shares:     560, price:   972,56
Íïå 16, 2016 7:46:07 ÌÌ com.jpmorgan.simplestockmarket.StockMarket autogenerateTradeQueue
INFO: Logging of trade -- trade time: 2016-11-16 19:23:16, stock: POP, type: SELL, quantity of shares:     219, price:   373,29
Íïå 16, 2016 7:46:07 ÌÌ com.jpmorgan.simplestockmarket.StockMarket autogenerateTradeQueue
INFO: Logging of trade -- trade time: 2016-11-16 19:36:47, stock: ALE, type: SELL, quantity of shares:     444, price:    67,95
Íïå 16, 2016 7:46:07 ÌÌ com.jpmorgan.simplestockmarket.StockMarket autogenerateTradeQueue
INFO: Logging of trade -- trade time: 2016-11-16 19:44:50, stock: JOE, type: BUY, quantity of shares:     367, price:   973,03
Íïå 16, 2016 7:46:07 ÌÌ com.jpmorgan.simplestockmarket.StockMarket autogenerateTradeQueue
INFO: Logging of trade -- trade time: 2016-11-16 19:39:43, stock: POP, type: SELL, quantity of shares:     128, price:    93,17
Íïå 16, 2016 7:46:07 ÌÌ com.jpmorgan.simplestockmarket.StockMarket autogenerateTradeQueue
INFO: Logging of trade -- trade time: 2016-11-16 19:31:04, stock: GIN, type: SELL, quantity of shares:     447, price:   271,38
Íïå 16, 2016 7:46:07 ÌÌ com.jpmorgan.simplestockmarket.StockMarket autogenerateTradeQueue
INFO: Logging of trade -- trade time: 2016-11-16 19:30:11, stock: JOE, type: BUY, quantity of shares:     213, price:   845,93
Íïå 16, 2016 7:46:07 ÌÌ com.jpmorgan.simplestockmarket.StockMarket autogenerateTradeQueue
INFO: Logging of trade -- trade time: 2016-11-16 19:34:26, stock: GIN, type: BUY, quantity of shares:      88, price:   603,01
Íïå 16, 2016 7:46:07 ÌÌ com.jpmorgan.simplestockmarket.StockMarket autogenerateTradeQueue
INFO: Logging of trade -- trade time: 2016-11-16 19:37:59, stock: GIN, type: BUY, quantity of shares:     799, price:   556,70
Íïå 16, 2016 7:46:07 ÌÌ com.jpmorgan.simplestockmarket.StockMarket autogenerateTradeQueue
INFO: Logging of trade -- trade time: 2016-11-16 19:29:27, stock: ALE, type: SELL, quantity of shares:     709, price:   522,83
Íïå 16, 2016 7:46:07 ÌÌ com.jpmorgan.simplestockmarket.StockMarket autogenerateTradeQueue
INFO: Logging of trade -- trade time: 2016-11-16 19:21:08, stock: JOE, type: BUY, quantity of shares:     631, price:   361,64
Íïå 16, 2016 7:46:07 ÌÌ com.jpmorgan.simplestockmarket.StockMarket autogenerateTradeQueue
INFO: Logging of trade -- trade time: 2016-11-16 19:27:50, stock: JOE, type: SELL, quantity of shares:     346, price:   210,95
Íïå 16, 2016 7:46:07 ÌÌ com.jpmorgan.simplestockmarket.StockMarket autogenerateTradeQueue
INFO: Logging of trade -- trade time: 2016-11-16 19:20:45, stock: TEA, type: SELL, quantity of shares:     163, price:   494,41
Íïå 16, 2016 7:46:07 ÌÌ com.jpmorgan.simplestockmarket.StockMarket autogenerateTradeQueue
INFO: Logging of trade -- trade time: 2016-11-16 19:18:01, stock: TEA, type: SELL, quantity of shares:     842, price:   359,55
Íïå 16, 2016 7:46:07 ÌÌ com.jpmorgan.simplestockmarket.StockMarket autogenerateTradeQueue
INFO: Logging of trade -- trade time: 2016-11-16 19:33:54, stock: POP, type: SELL, quantity of shares:     628, price:    59,64
Íïå 16, 2016 7:46:07 ÌÌ com.jpmorgan.simplestockmarket.StockMarket autogenerateTradeQueue
INFO: Logging of trade -- trade time: 2016-11-16 19:31:51, stock: ALE, type: SELL, quantity of shares:     259, price:   785,53
Íïå 16, 2016 7:46:07 ÌÌ com.jpmorgan.simplestockmarket.StockMarket autogenerateTradeQueue
INFO: Logging of trade -- trade time: 2016-11-16 19:43:24, stock: TEA, type: BUY, quantity of shares:     304, price:   693,55
Íïå 16, 2016 7:46:07 ÌÌ com.jpmorgan.simplestockmarket.StockMarket autogenerateTradeQueue
INFO: Logging of trade -- trade time: 2016-11-16 19:20:07, stock: POP, type: BUY, quantity of shares:     623, price:   560,52
Íïå 16, 2016 7:46:07 ÌÌ com.jpmorgan.simplestockmarket.StockMarket autogenerateTradeQueue
INFO: Logging of trade -- trade time: 2016-11-16 19:27:24, stock: JOE, type: SELL, quantity of shares:     901, price:   839,96
Íïå 16, 2016 7:46:07 ÌÌ com.jpmorgan.simplestockmarket.StockMarket autogenerateTradeQueue
INFO: Logging of trade -- trade time: 2016-11-16 19:19:10, stock: TEA, type: BUY, quantity of shares:     677, price:   799,17
Íïå 16, 2016 7:46:07 ÌÌ com.jpmorgan.simplestockmarket.StockMarket autogenerateTradeQueue
INFO: Logging of trade -- trade time: 2016-11-16 19:28:05, stock: JOE, type: SELL, quantity of shares:     454, price:   109,08
Íïå 16, 2016 7:46:07 ÌÌ com.jpmorgan.simplestockmarket.StockMarket autogenerateTradeQueue
INFO: Logging of trade -- trade time: 2016-11-16 19:40:55, stock: JOE, type: SELL, quantity of shares:     488, price:   737,39
Íïå 16, 2016 7:46:07 ÌÌ com.jpmorgan.simplestockmarket.StockMarket autogenerateTradeQueue
INFO: Logging of trade -- trade time: 2016-11-16 19:44:16, stock: POP, type: SELL, quantity of shares:     228, price:   550,18
Íïå 16, 2016 7:46:07 ÌÌ com.jpmorgan.simplestockmarket.StockMarket autogenerateTradeQueue
INFO: Logging of trade -- trade time: 2016-11-16 19:26:25, stock: ALE, type: SELL, quantity of shares:     260, price:   528,65
Íïå 16, 2016 7:46:07 ÌÌ com.jpmorgan.simplestockmarket.StockMarket autogenerateTradeQueue
INFO: Logging of trade -- trade time: 2016-11-16 19:34:22, stock: POP, type: SELL, quantity of shares:     829, price:   409,21
Íïå 16, 2016 7:46:07 ÌÌ com.jpmorgan.simplestockmarket.StockMarket autogenerateTradeQueue
INFO: Logging of trade -- trade time: 2016-11-16 19:31:41, stock: ALE, type: BUY, quantity of shares:     844, price:   744,58
Íïå 16, 2016 7:46:07 ÌÌ com.jpmorgan.simplestockmarket.StockMarket addTradeToQueues
INFO: Logging of trade -- trade time: 2016-11-16 19:46:07, stock: TEA, type: BUY, quantity of shares:   10000, price:   100,00
Íïå 16, 2016 7:46:07 ÌÌ com.jpmorgan.simplestockmarket.StockMarket getVolumeWeightedStockPrice
INFO: 407.04185
Íïå 16, 2016 7:46:07 ÌÌ com.jpmorgan.simplestockmarket.StockMarket getGBCE
INFO: 354.1546824952694
